TpTrace Verbose: 0 : 27772, 1, 2022/01/10, 16:03:19.379, 3575401794325, testhost.dll, Version: 16.9.4
TpTrace Information: 0 : 27772, 1, 2022/01/10, 16:03:19.400, 3575401903642, testhost.dll, DefaultEngineInvoker.Invoke: Testhost process started with args :[--port, 18505],[--endpoint, 127.0.0.1:018505],[--role, client],[--parentprocessid, 22724],[--diag, C:\Users\Armin\Documents\GitHub\Grupa-3-Verifikovani-i-Validirani-Softverasi\Zadaća 4\SeleniumTest\bin\Debug\net5.0\fine-code-coverage\coverage-tool-output\diagnostics.host.22-01-10_16-03-18_95481_4.log],[--tracelevel, 4],[--datacollectionport, 18503],[--telemetryoptedin, false]
TpTrace Information: 0 : 27772, 1, 2022/01/10, 16:03:19.403, 3575401935960, testhost.dll, Setting up debug trace listener.
TpTrace Verbose: 0 : 27772, 1, 2022/01/10, 16:03:19.404, 3575401941642, testhost.dll, TestPlatformTraceListener.Setup: Replacing listener 0 with TestHostTraceListener.
TpTrace Verbose: 0 : 27772, 1, 2022/01/10, 16:03:19.404, 3575401943231, testhost.dll, TestPlatformTraceListener.Setup: Added test platform trace listener.
TpTrace Information: 0 : 27772, 1, 2022/01/10, 16:03:19.405, 3575401951701, testhost.dll, DefaultEngineInvoker.SetParentProcessExitCallback: Monitoring parent process with id: '22724'
TpTrace Information: 0 : 27772, 1, 2022/01/10, 16:03:19.416, 3575402063350, testhost.dll, DefaultEngineInvoker.GetConnectionInfo: Initialize communication on endpoint address: '127.0.0.1:018505'
TpTrace Information: 0 : 27772, 1, 2022/01/10, 16:03:19.447, 3575402377228, testhost.dll, SocketClient.Start: connecting to server endpoint: 127.0.0.1:018505
TpTrace Information: 0 : 27772, 1, 2022/01/10, 16:03:19.460, 3575402503839, testhost.dll, DefaultEngineInvoker.ConnectToDatacollector: Connecting to datacollector, port: 18503
TpTrace Information: 0 : 27772, 9, 2022/01/10, 16:03:19.462, 3575402523185, testhost.dll, SocketClient.OnServerConnected: connected to server endpoint: 127.0.0.1:018505
TpTrace Verbose: 0 : 27772, 9, 2022/01/10, 16:03:19.465, 3575402547729, testhost.dll, Connected to server, and starting MessageLoopAsync
TpTrace Information: 0 : 27772, 1, 2022/01/10, 16:03:19.465, 3575402549598, testhost.dll, Trying to connect to server on socket : 127.0.0.1:18503 
TpTrace Verbose: 0 : 27772, 1, 2022/01/10, 16:03:19.465, 3575402554437, testhost.dll, SocketCommunicationManager : SetupClientAsync : Attempting to connect to the server.
TpTrace Information: 0 : 27772, 4, 2022/01/10, 16:03:19.469, 3575402592787, testhost.dll, Connected to the server successfully 
TpTrace Information: 0 : 27772, 4, 2022/01/10, 16:03:19.469, 3575402595186, testhost.dll, Using the buffer size of 16384 bytes
TpTrace Verbose: 0 : 27772, 9, 2022/01/10, 16:03:19.470, 3575402604623, testhost.dll, TcpClientExtensions.MessageLoopAsync: Polling on remoteEndPoint: [::ffff:127.0.0.1]:18505 localEndPoint: [::ffff:127.0.0.1]:18506
TpTrace Information: 0 : 27772, 1, 2022/01/10, 16:03:19.470, 3575402605192, testhost.dll, DefaultEngineInvoker.Invoke: Start Request Processing.
TpTrace Verbose: 0 : 27772, 9, 2022/01/10, 16:03:19.471, 3575402612176, testhost.dll, TcpClientExtensions.MessageLoopAsync: NotifyDataAvailable remoteEndPoint: [::ffff:127.0.0.1]:18505 localEndPoint: [::ffff:127.0.0.1]:18506
TpTrace Information: 0 : 27772, 11, 2022/01/10, 16:03:19.472, 3575402623395, testhost.dll, DefaultEngineInvoker.StartProcessingAsync: Connected to vstest.console, Starting process requests.
TpTrace Information: 0 : 27772, 9, 2022/01/10, 16:03:19.698, 3575404882043, testhost.dll, TestRequestHandler.ProcessRequests: received message: (ProtocolVersion) -> 5
TpTrace Verbose: 0 : 27772, 9, 2022/01/10, 16:03:19.787, 3575405767900, testhost.dll, TestRequestHandler.SendData:  sending data from testhost: {"Version":5,"MessageType":"TestSession.Message","Payload":{"MessageLevel":0,"Message":"Logging TestHost Diagnostics in file: C:\\Users\\Armin\\Documents\\GitHub\\Grupa-3-Verifikovani-i-Validirani-Softverasi\\Zadaća 4\\SeleniumTest\\bin\\Debug\\net5.0\\fine-code-coverage\\coverage-tool-output\\diagnostics.host.22-01-10_16-03-18_95481_4.log"}}
TpTrace Verbose: 0 : 27772, 9, 2022/01/10, 16:03:19.787, 3575405775938, testhost.dll, TcpClientExtensions.MessageLoopAsync: Polling on remoteEndPoint: [::ffff:127.0.0.1]:18505 localEndPoint: [::ffff:127.0.0.1]:18506
TpTrace Verbose: 0 : 27772, 9, 2022/01/10, 16:03:19.788, 3575405779135, testhost.dll, TcpClientExtensions.MessageLoopAsync: NotifyDataAvailable remoteEndPoint: [::ffff:127.0.0.1]:18505 localEndPoint: [::ffff:127.0.0.1]:18506
TpTrace Information: 0 : 27772, 9, 2022/01/10, 16:03:19.798, 3575405881945, testhost.dll, TestRequestHandler.ProcessRequests: received message: (TestExecution.Initialize) -> [
  "C:\\Users\\Armin\\Documents\\GitHub\\Grupa-3-Verifikovani-i-Validirani-Softverasi\\Zadaća 4\\SeleniumTest\\bin\\Debug\\net5.0\\fine-code-coverage\\build-output\\Microsoft.VisualStudio.TestPlatform.MSTest.TestAdapter.dll"
]
TpTrace Information: 0 : 27772, 9, 2022/01/10, 16:03:19.798, 3575405884418, testhost.dll, Execution Session Initialize.
TpTrace Verbose: 0 : 27772, 9, 2022/01/10, 16:03:19.814, 3575406044570, testhost.dll, TcpClientExtensions.MessageLoopAsync: Polling on remoteEndPoint: [::ffff:127.0.0.1]:18505 localEndPoint: [::ffff:127.0.0.1]:18506
TpTrace Verbose: 0 : 27772, 9, 2022/01/10, 16:03:19.815, 3575406047593, testhost.dll, TcpClientExtensions.MessageLoopAsync: NotifyDataAvailable remoteEndPoint: [::ffff:127.0.0.1]:18505 localEndPoint: [::ffff:127.0.0.1]:18506
TpTrace Verbose: 0 : 27772, 5, 2022/01/10, 16:03:19.822, 3575406122304, testhost.dll, TestExecutorService: Loading the extensions
TpTrace Information: 0 : 27772, 9, 2022/01/10, 16:03:19.826, 3575406159016, testhost.dll, TestRequestHandler.ProcessRequests: received message: (TestExecution.StartWithSources) -> {
  "AdapterSourceMap": {
    "_none_": [
      "C:\\Users\\Armin\\Documents\\GitHub\\Grupa-3-Verifikovani-i-Validirani-Softverasi\\Zadaća 4\\SeleniumTest\\bin\\Debug\\net5.0\\fine-code-coverage\\build-output\\SeleniumTest.dll"
    ]
  },
  "RunSettings": "<RunSettings>\r\n  <RunConfiguration>\r\n    <ResultsDirectory>C:\\Users\\Armin\\Documents\\GitHub\\Grupa-3-Verifikovani-i-Validirani-Softverasi\\Zadaća 4\\SeleniumTest\\bin\\Debug\\net5.0\\fine-code-coverage\\coverage-tool-output</ResultsDirectory>\r\n    <TargetPlatform>X64</TargetPlatform>\r\n    <TargetFrameworkVersion>.NETCoreApp,Version=v5.0</TargetFrameworkVersion>\r\n    <DesignMode>False</DesignMode>\r\n    <CollectSourceInformation>False</CollectSourceInformation>\r\n  </RunConfiguration>\r\n  <LoggerRunSettings>\r\n    <Loggers>\r\n      <Logger friendlyName=\"blame\" enabled=\"True\" />\r\n      <Logger friendlyName=\"Console\" uri=\"logger://microsoft/TestPlatform/ConsoleLogger/v1\" assemblyQualifiedName=\"Microsoft.VisualStudio.TestPlatform.CommandLine.Internal.ConsoleLogger, vstest.console, Version=15.0.0.0, Culture=neutral, PublicKeyToken=b03f5f7f11d50a3a\" codeBase=\"C:\\Program Files\\dotnet\\sdk\\5.0.402\\vstest.console.dll\" enabled=\"True\" />\r\n    </Loggers>\r\n  </LoggerRunSettings>\r\n  <DataCollectionRunSettings>\r\n    <DataCollectors>\r\n      <DataCollector friendlyName=\"blame\" enabled=\"True\">\r\n        <Configuration>\r\n          <ResultsDirectory>C:\\Users\\Armin\\Documents\\GitHub\\Grupa-3-Verifikovani-i-Validirani-Softverasi\\Zadaća 4\\SeleniumTest\\bin\\Debug\\net5.0\\fine-code-coverage\\coverage-tool-output</ResultsDirectory>\r\n        </Configuration>\r\n      </DataCollector>\r\n    </DataCollectors>\r\n  </DataCollectionRunSettings>\r\n</RunSettings>",
  "TestExecutionContext": {
    "FrequencyOfRunStatsChangeEvent": 10,
    "RunStatsChangeEventTimeout": "00:00:01.5000000",
    "InIsolation": false,
    "KeepAlive": false,
    "AreTestCaseLevelEventsRequired": false,
    "IsDebug": false,
    "TestCaseFilter": null,
    "FilterOptions": null
  },
  "Package": null
}
TpTrace Verbose: 0 : 27772, 5, 2022/01/10, 16:03:19.826, 3575406163306, testhost.dll, TestPluginCache.DiscoverTestExtensions: finding test extensions in assemblies ends with: TestAdapter.dll TPluginInfo: Microsoft.VisualStudio.TestPlatform.Common.ExtensionFramework.Utilities.TestExecutorPluginInformation TExtension: Microsoft.VisualStudio.TestPlatform.ObjectModel.Adapter.ITestExecutor
TpTrace Information: 0 : 27772, 9, 2022/01/10, 16:03:19.827, 3575406168646, testhost.dll, Execution started.
TpTrace Verbose: 0 : 27772, 5, 2022/01/10, 16:03:19.830, 3575406205510, testhost.dll, TestPluginCache.GetExtensionPaths: Filtered extension paths: 
TpTrace Verbose: 0 : 27772, 5, 2022/01/10, 16:03:19.831, 3575406212943, testhost.dll, TestPluginCache.GetExtensionPaths: Added default extension paths: C:\Users\Armin\Documents\GitHub\Grupa-3-Verifikovani-i-Validirani-Softverasi\Zadaća 4\SeleniumTest\bin\Debug\net5.0\fine-code-coverage\build-output\Microsoft.VisualStudio.TestPlatform.MSTest.TestAdapter.dll
TpTrace Verbose: 0 : 27772, 5, 2022/01/10, 16:03:19.831, 3575406214850, testhost.dll, TestPluginCache.GetExtensionPaths: Added unfilterableExtensionPaths: 
TpTrace Information: 0 : 27772, 5, 2022/01/10, 16:03:19.837, 3575406275505, testhost.dll, AssemblyResolver.ctor: Creating AssemblyResolver with searchDirectories C:\Users\Armin\Documents\GitHub\Grupa-3-Verifikovani-i-Validirani-Softverasi\Zadaća 4\SeleniumTest\bin\Debug\net5.0\fine-code-coverage\build-output
TpTrace Verbose: 0 : 27772, 5, 2022/01/10, 16:03:19.843, 3575406329205, testhost.dll, TestPluginCache.DiscoverTestExtensions: Discovering the extensions using extension path.
TpTrace Verbose: 0 : 27772, 5, 2022/01/10, 16:03:19.843, 3575406332328, testhost.dll, TestPluginCache.GetExtensionPaths: Filtered extension paths: 
TpTrace Verbose: 0 : 27772, 5, 2022/01/10, 16:03:19.843, 3575406333790, testhost.dll, TestPluginCache.GetExtensionPaths: Added default extension paths: C:\Users\Armin\Documents\GitHub\Grupa-3-Verifikovani-i-Validirani-Softverasi\Zadaća 4\SeleniumTest\bin\Debug\net5.0\fine-code-coverage\build-output\Microsoft.VisualStudio.TestPlatform.MSTest.TestAdapter.dll
TpTrace Verbose: 0 : 27772, 5, 2022/01/10, 16:03:19.843, 3575406334910, testhost.dll, TestPluginCache.GetExtensionPaths: Added unfilterableExtensionPaths: 
TpTrace Verbose: 0 : 27772, 5, 2022/01/10, 16:03:19.843, 3575406336291, testhost.dll, TestPluginCache.DiscoverTestExtensions: Discovering the extensions using allExtensionPaths: C:\Users\Armin\Documents\GitHub\Grupa-3-Verifikovani-i-Validirani-Softverasi\Zadaća 4\SeleniumTest\bin\Debug\net5.0\fine-code-coverage\build-output\Microsoft.VisualStudio.TestPlatform.MSTest.TestAdapter.dll
TpTrace Information: 0 : 27772, 5, 2022/01/10, 16:03:19.845, 3575406353881, testhost.dll, AssemblyResolver.AddSearchDirectories: Adding more searchDirectories C:\Users\Armin\Documents\GitHub\Grupa-3-Verifikovani-i-Validirani-Softverasi\Zadaća 4\SeleniumTest\bin\Debug\net5.0\fine-code-coverage\build-output
TpTrace Information: 0 : 27772, 5, 2022/01/10, 16:03:19.856, 3575406466878, testhost.dll, AssemblyResolver.OnResolve: Microsoft.VisualStudio.TestPlatform.MSTest.TestAdapter: Resolving assembly.
TpTrace Information: 0 : 27772, 5, 2022/01/10, 16:03:19.861, 3575406513873, testhost.dll, AssemblyResolver.OnResolve: Resolved assembly: Microsoft.VisualStudio.TestPlatform.MSTest.TestAdapter, from path: C:\Users\Armin\Documents\GitHub\Grupa-3-Verifikovani-i-Validirani-Softverasi\Zadaća 4\SeleniumTest\bin\Debug\net5.0\fine-code-coverage\build-output\Microsoft.VisualStudio.TestPlatform.MSTest.TestAdapter.dll
TpTrace Verbose: 0 : 27772, 5, 2022/01/10, 16:03:19.873, 3575406635190, testhost.dll, TestPluginCache: Discovered the extensions using extension path ''.
TpTrace Verbose: 0 : 27772, 5, 2022/01/10, 16:03:19.874, 3575406643278, testhost.dll, TestPluginCache: Discoverers are ''.
TpTrace Verbose: 0 : 27772, 5, 2022/01/10, 16:03:19.874, 3575406646392, testhost.dll, TestPluginCache: Executors are 'executor://MSTestAdapter/v2'.
TpTrace Verbose: 0 : 27772, 5, 2022/01/10, 16:03:19.875, 3575406648424, testhost.dll, TestPluginCache: Executors2 are ''.
TpTrace Verbose: 0 : 27772, 5, 2022/01/10, 16:03:19.875, 3575406650855, testhost.dll, TestPluginCache: Setting providers are ''.
TpTrace Verbose: 0 : 27772, 5, 2022/01/10, 16:03:19.875, 3575406653288, testhost.dll, TestPluginCache: Loggers are ''.
TpTrace Verbose: 0 : 27772, 9, 2022/01/10, 16:03:19.881, 3575406708992, testhost.dll, TcpClientExtensions.MessageLoopAsync: Polling on remoteEndPoint: [::ffff:127.0.0.1]:18505 localEndPoint: [::ffff:127.0.0.1]:18506
TpTrace Verbose: 0 : 27772, 5, 2022/01/10, 16:03:19.881, 3575406713674, testhost.dll, TestPluginCache.DiscoverTestExtensions: finding test extensions in assemblies ends with: TestAdapter.dll TPluginInfo: Microsoft.VisualStudio.TestPlatform.Common.ExtensionFramework.Utilities.TestExecutorPluginInformation2 TExtension: Microsoft.VisualStudio.TestPlatform.ObjectModel.Adapter.ITestExecutor2
TpTrace Verbose: 0 : 27772, 5, 2022/01/10, 16:03:19.882, 3575406720131, testhost.dll, TestPluginCache.GetExtensionPaths: Filtered extension paths: 
TpTrace Verbose: 0 : 27772, 5, 2022/01/10, 16:03:19.882, 3575406722016, testhost.dll, TestPluginCache.GetExtensionPaths: Added default extension paths: C:\Users\Armin\Documents\GitHub\Grupa-3-Verifikovani-i-Validirani-Softverasi\Zadaća 4\SeleniumTest\bin\Debug\net5.0\fine-code-coverage\build-output\Microsoft.VisualStudio.TestPlatform.MSTest.TestAdapter.dll
TpTrace Verbose: 0 : 27772, 5, 2022/01/10, 16:03:19.882, 3575406723224, testhost.dll, TestPluginCache.GetExtensionPaths: Added unfilterableExtensionPaths: 
TpTrace Information: 0 : 27772, 5, 2022/01/10, 16:03:19.884, 3575406738794, testhost.dll, AssemblyResolver.AddSearchDirectories: Adding more searchDirectories C:\Users\Armin\Documents\GitHub\Grupa-3-Verifikovani-i-Validirani-Softverasi\Zadaća 4\SeleniumTest\bin\Debug\net5.0\fine-code-coverage\build-output
TpTrace Verbose: 0 : 27772, 5, 2022/01/10, 16:03:19.884, 3575406743816, testhost.dll, TestPluginCache.DiscoverTestExtensions: Discovering the extensions using extension path.
TpTrace Verbose: 0 : 27772, 5, 2022/01/10, 16:03:19.884, 3575406746578, testhost.dll, TestPluginCache.GetExtensionPaths: Filtered extension paths: 
TpTrace Verbose: 0 : 27772, 5, 2022/01/10, 16:03:19.885, 3575406748189, testhost.dll, TestPluginCache.GetExtensionPaths: Added default extension paths: C:\Users\Armin\Documents\GitHub\Grupa-3-Verifikovani-i-Validirani-Softverasi\Zadaća 4\SeleniumTest\bin\Debug\net5.0\fine-code-coverage\build-output\Microsoft.VisualStudio.TestPlatform.MSTest.TestAdapter.dll
TpTrace Verbose: 0 : 27772, 5, 2022/01/10, 16:03:19.885, 3575406749262, testhost.dll, TestPluginCache.GetExtensionPaths: Added unfilterableExtensionPaths: 
TpTrace Verbose: 0 : 27772, 5, 2022/01/10, 16:03:19.885, 3575406750553, testhost.dll, TestPluginCache.DiscoverTestExtensions: Discovering the extensions using allExtensionPaths: C:\Users\Armin\Documents\GitHub\Grupa-3-Verifikovani-i-Validirani-Softverasi\Zadaća 4\SeleniumTest\bin\Debug\net5.0\fine-code-coverage\build-output\Microsoft.VisualStudio.TestPlatform.MSTest.TestAdapter.dll
TpTrace Information: 0 : 27772, 5, 2022/01/10, 16:03:19.885, 3575406752210, testhost.dll, AssemblyResolver.AddSearchDirectories: Adding more searchDirectories C:\Users\Armin\Documents\GitHub\Grupa-3-Verifikovani-i-Validirani-Softverasi\Zadaća 4\SeleniumTest\bin\Debug\net5.0\fine-code-coverage\build-output
TpTrace Verbose: 0 : 27772, 5, 2022/01/10, 16:03:19.886, 3575406758623, testhost.dll, TestPluginCache: Discovered the extensions using extension path ''.
TpTrace Verbose: 0 : 27772, 5, 2022/01/10, 16:03:19.886, 3575406760007, testhost.dll, TestPluginCache: Discoverers are ''.
TpTrace Verbose: 0 : 27772, 5, 2022/01/10, 16:03:19.886, 3575406761391, testhost.dll, TestPluginCache: Executors are 'executor://MSTestAdapter/v2'.
TpTrace Verbose: 0 : 27772, 5, 2022/01/10, 16:03:19.886, 3575406762681, testhost.dll, TestPluginCache: Executors2 are ''.
TpTrace Verbose: 0 : 27772, 5, 2022/01/10, 16:03:19.886, 3575406763601, testhost.dll, TestPluginCache: Setting providers are ''.
TpTrace Verbose: 0 : 27772, 5, 2022/01/10, 16:03:19.886, 3575406764339, testhost.dll, TestPluginCache: Loggers are ''.
TpTrace Information: 0 : 27772, 5, 2022/01/10, 16:03:19.897, 3575406873743, testhost.dll, TestPluginManager.CreateTestExtension: Attempting to load test extension: Microsoft.VisualStudio.TestPlatform.MSTest.TestAdapter.MSTestExecutor
TpTrace Verbose: 0 : 27772, 5, 2022/01/10, 16:03:19.911, 3575407011104, testhost.dll, TestExecutorExtensionManager: Loading executor Microsoft.VisualStudio.TestPlatform.MSTest.TestAdapter.MSTestExecutor
TpTrace Verbose: 0 : 27772, 5, 2022/01/10, 16:03:19.911, 3575407013038, testhost.dll, TestExecutorService: Loaded the executors
TpTrace Verbose: 0 : 27772, 5, 2022/01/10, 16:03:19.912, 3575407026488, testhost.dll, TestPluginCache.DiscoverTestExtensions: finding test extensions in assemblies ends with: TestAdapter.dll TPluginInfo: Microsoft.VisualStudio.TestPlatform.Common.ExtensionFramework.Utilities.TestSettingsProviderPluginInformation TExtension: Microsoft.VisualStudio.TestPlatform.ObjectModel.Adapter.ISettingsProvider
TpTrace Verbose: 0 : 27772, 5, 2022/01/10, 16:03:19.913, 3575407029057, testhost.dll, TestPluginCache.GetExtensionPaths: Filtered extension paths: 
TpTrace Verbose: 0 : 27772, 5, 2022/01/10, 16:03:19.913, 3575407029936, testhost.dll, TestPluginCache.GetExtensionPaths: Added default extension paths: C:\Users\Armin\Documents\GitHub\Grupa-3-Verifikovani-i-Validirani-Softverasi\Zadaća 4\SeleniumTest\bin\Debug\net5.0\fine-code-coverage\build-output\Microsoft.VisualStudio.TestPlatform.MSTest.TestAdapter.dll
TpTrace Verbose: 0 : 27772, 5, 2022/01/10, 16:03:19.913, 3575407030515, testhost.dll, TestPluginCache.GetExtensionPaths: Added unfilterableExtensionPaths: 
TpTrace Information: 0 : 27772, 5, 2022/01/10, 16:03:19.913, 3575407032928, testhost.dll, AssemblyResolver.AddSearchDirectories: Adding more searchDirectories C:\Users\Armin\Documents\GitHub\Grupa-3-Verifikovani-i-Validirani-Softverasi\Zadaća 4\SeleniumTest\bin\Debug\net5.0\fine-code-coverage\build-output
TpTrace Verbose: 0 : 27772, 5, 2022/01/10, 16:03:19.913, 3575407033832, testhost.dll, TestPluginCache.DiscoverTestExtensions: Discovering the extensions using extension path.
TpTrace Verbose: 0 : 27772, 5, 2022/01/10, 16:03:19.913, 3575407034614, testhost.dll, TestPluginCache.GetExtensionPaths: Filtered extension paths: 
TpTrace Verbose: 0 : 27772, 5, 2022/01/10, 16:03:19.913, 3575407035176, testhost.dll, TestPluginCache.GetExtensionPaths: Added default extension paths: C:\Users\Armin\Documents\GitHub\Grupa-3-Verifikovani-i-Validirani-Softverasi\Zadaća 4\SeleniumTest\bin\Debug\net5.0\fine-code-coverage\build-output\Microsoft.VisualStudio.TestPlatform.MSTest.TestAdapter.dll
TpTrace Verbose: 0 : 27772, 5, 2022/01/10, 16:03:19.913, 3575407035802, testhost.dll, TestPluginCache.GetExtensionPaths: Added unfilterableExtensionPaths: 
TpTrace Verbose: 0 : 27772, 5, 2022/01/10, 16:03:19.913, 3575407036399, testhost.dll, TestPluginCache.DiscoverTestExtensions: Discovering the extensions using allExtensionPaths: C:\Users\Armin\Documents\GitHub\Grupa-3-Verifikovani-i-Validirani-Softverasi\Zadaća 4\SeleniumTest\bin\Debug\net5.0\fine-code-coverage\build-output\Microsoft.VisualStudio.TestPlatform.MSTest.TestAdapter.dll
TpTrace Information: 0 : 27772, 5, 2022/01/10, 16:03:19.913, 3575407037156, testhost.dll, AssemblyResolver.AddSearchDirectories: Adding more searchDirectories C:\Users\Armin\Documents\GitHub\Grupa-3-Verifikovani-i-Validirani-Softverasi\Zadaća 4\SeleniumTest\bin\Debug\net5.0\fine-code-coverage\build-output
TpTrace Verbose: 0 : 27772, 5, 2022/01/10, 16:03:19.914, 3575407040267, testhost.dll, TestPluginCache: Discovered the extensions using extension path ''.
TpTrace Verbose: 0 : 27772, 5, 2022/01/10, 16:03:19.914, 3575407041199, testhost.dll, TestPluginCache: Discoverers are ''.
TpTrace Verbose: 0 : 27772, 5, 2022/01/10, 16:03:19.914, 3575407041775, testhost.dll, TestPluginCache: Executors are 'executor://MSTestAdapter/v2'.
TpTrace Verbose: 0 : 27772, 5, 2022/01/10, 16:03:19.914, 3575407042315, testhost.dll, TestPluginCache: Executors2 are ''.
TpTrace Verbose: 0 : 27772, 5, 2022/01/10, 16:03:19.914, 3575407043003, testhost.dll, TestPluginCache: Setting providers are ''.
TpTrace Verbose: 0 : 27772, 5, 2022/01/10, 16:03:19.914, 3575407043655, testhost.dll, TestPluginCache: Loggers are ''.
TpTrace Verbose: 0 : 27772, 5, 2022/01/10, 16:03:19.916, 3575407057758, testhost.dll, TestExecutorService: Loaded the settings providers
TpTrace Information: 0 : 27772, 5, 2022/01/10, 16:03:19.916, 3575407063917, testhost.dll, TestExecutorService: Loaded the extensions
TpTrace Information: 0 : 27772, 5, 2022/01/10, 16:03:20.068, 3575408584603, testhost.dll, TestDiscoveryManager: Discovering tests from sources C:\Users\Armin\Documents\GitHub\Grupa-3-Verifikovani-i-Validirani-Softverasi\Zadaća 4\SeleniumTest\bin\Debug\net5.0\fine-code-coverage\build-output\SeleniumTest.dll
TpTrace Verbose: 0 : 27772, 5, 2022/01/10, 16:03:20.074, 3575408643948, testhost.dll, TestPluginCache.DiscoverTestExtensions: finding test extensions in assemblies ends with: TestAdapter.dll TPluginInfo: Microsoft.VisualStudio.TestPlatform.Common.ExtensionFramework.Utilities.TestDiscovererPluginInformation TExtension: Microsoft.VisualStudio.TestPlatform.ObjectModel.Adapter.ITestDiscoverer
TpTrace Verbose: 0 : 27772, 5, 2022/01/10, 16:03:20.075, 3575408647681, testhost.dll, TestPluginCache.GetExtensionPaths: Filtered extension paths: 
TpTrace Verbose: 0 : 27772, 5, 2022/01/10, 16:03:20.075, 3575408649258, testhost.dll, TestPluginCache.GetExtensionPaths: Added default extension paths: C:\Users\Armin\Documents\GitHub\Grupa-3-Verifikovani-i-Validirani-Softverasi\Zadaća 4\SeleniumTest\bin\Debug\net5.0\fine-code-coverage\build-output\Microsoft.VisualStudio.TestPlatform.MSTest.TestAdapter.dll
TpTrace Verbose: 0 : 27772, 5, 2022/01/10, 16:03:20.075, 3575408652795, testhost.dll, TestPluginCache.GetExtensionPaths: Added unfilterableExtensionPaths: 
TpTrace Information: 0 : 27772, 5, 2022/01/10, 16:03:20.076, 3575408660799, testhost.dll, AssemblyResolver.AddSearchDirectories: Adding more searchDirectories C:\Users\Armin\Documents\GitHub\Grupa-3-Verifikovani-i-Validirani-Softverasi\Zadaća 4\SeleniumTest\bin\Debug\net5.0\fine-code-coverage\build-output
TpTrace Verbose: 0 : 27772, 5, 2022/01/10, 16:03:20.076, 3575408664185, testhost.dll, TestPluginCache.DiscoverTestExtensions: Discovering the extensions using extension path.
TpTrace Verbose: 0 : 27772, 5, 2022/01/10, 16:03:20.077, 3575408667512, testhost.dll, TestPluginCache.GetExtensionPaths: Filtered extension paths: 
TpTrace Verbose: 0 : 27772, 5, 2022/01/10, 16:03:20.077, 3575408668822, testhost.dll, TestPluginCache.GetExtensionPaths: Added default extension paths: C:\Users\Armin\Documents\GitHub\Grupa-3-Verifikovani-i-Validirani-Softverasi\Zadaća 4\SeleniumTest\bin\Debug\net5.0\fine-code-coverage\build-output\Microsoft.VisualStudio.TestPlatform.MSTest.TestAdapter.dll
TpTrace Verbose: 0 : 27772, 5, 2022/01/10, 16:03:20.077, 3575408670412, testhost.dll, TestPluginCache.GetExtensionPaths: Added unfilterableExtensionPaths: 
TpTrace Verbose: 0 : 27772, 5, 2022/01/10, 16:03:20.077, 3575408671869, testhost.dll, TestPluginCache.DiscoverTestExtensions: Discovering the extensions using allExtensionPaths: C:\Users\Armin\Documents\GitHub\Grupa-3-Verifikovani-i-Validirani-Softverasi\Zadaća 4\SeleniumTest\bin\Debug\net5.0\fine-code-coverage\build-output\Microsoft.VisualStudio.TestPlatform.MSTest.TestAdapter.dll
TpTrace Information: 0 : 27772, 5, 2022/01/10, 16:03:20.077, 3575408673857, testhost.dll, AssemblyResolver.AddSearchDirectories: Adding more searchDirectories C:\Users\Armin\Documents\GitHub\Grupa-3-Verifikovani-i-Validirani-Softverasi\Zadaća 4\SeleniumTest\bin\Debug\net5.0\fine-code-coverage\build-output
TpTrace Verbose: 0 : 27772, 5, 2022/01/10, 16:03:20.082, 3575408719509, testhost.dll, TestPluginCache: Discovered the extensions using extension path ''.
TpTrace Verbose: 0 : 27772, 5, 2022/01/10, 16:03:20.082, 3575408722432, testhost.dll, TestPluginCache: Discoverers are 'Microsoft.VisualStudio.TestPlatform.MSTest.TestAdapter.MSTestDiscoverer, Microsoft.VisualStudio.TestPlatform.MSTest.TestAdapter, Version=14.0.0.0, Culture=neutral, PublicKeyToken=b03f5f7f11d50a3a'.
TpTrace Verbose: 0 : 27772, 5, 2022/01/10, 16:03:20.083, 3575408731059, testhost.dll, TestPluginCache: Executors are 'executor://MSTestAdapter/v2'.
TpTrace Verbose: 0 : 27772, 5, 2022/01/10, 16:03:20.083, 3575408733245, testhost.dll, TestPluginCache: Executors2 are ''.
TpTrace Verbose: 0 : 27772, 5, 2022/01/10, 16:03:20.083, 3575408734354, testhost.dll, TestPluginCache: Setting providers are ''.
TpTrace Verbose: 0 : 27772, 5, 2022/01/10, 16:03:20.083, 3575408735398, testhost.dll, TestPluginCache: Loggers are ''.
TpTrace Verbose: 0 : 27772, 5, 2022/01/10, 16:03:20.100, 3575408905968, testhost.dll, BaseRunTests.RunTestInternalWithExecutors: Running tests for executor://MSTestAdapter/v2
TpTrace Information: 0 : 27772, 5, 2022/01/10, 16:03:20.102, 3575408919385, testhost.dll, AssemblyResolver.OnResolve: Microsoft.VisualStudio.TestPlatform.MSTestAdapter.PlatformServices.Interface: Resolving assembly.
TpTrace Information: 0 : 27772, 5, 2022/01/10, 16:03:20.104, 3575408943699, testhost.dll, AssemblyResolver.OnResolve: Resolved assembly: Microsoft.VisualStudio.TestPlatform.MSTestAdapter.PlatformServices.Interface, from path: C:\Users\Armin\Documents\GitHub\Grupa-3-Verifikovani-i-Validirani-Softverasi\Zadaća 4\SeleniumTest\bin\Debug\net5.0\fine-code-coverage\build-output\Microsoft.VisualStudio.TestPlatform.MSTestAdapter.PlatformServices.Interface.dll
TpTrace Information: 0 : 27772, 5, 2022/01/10, 16:03:20.108, 3575408978960, testhost.dll, AssemblyResolver.OnResolve: Microsoft.VisualStudio.TestPlatform.MSTestAdapter.PlatformServices: Resolving assembly.
TpTrace Information: 0 : 27772, 5, 2022/01/10, 16:03:20.109, 3575408994985, testhost.dll, AssemblyResolver.OnResolve: Resolved assembly: Microsoft.VisualStudio.TestPlatform.MSTestAdapter.PlatformServices, from path: C:\Users\Armin\Documents\GitHub\Grupa-3-Verifikovani-i-Validirani-Softverasi\Zadaća 4\SeleniumTest\bin\Debug\net5.0\fine-code-coverage\build-output\Microsoft.VisualStudio.TestPlatform.MSTestAdapter.PlatformServices.dll
TpTrace Information: 0 : 27772, 5, 2022/01/10, 16:03:20.110, 3575409001862, testhost.dll, MSTest - MSTestExecutor.RunTests: Running tests from sources.
TpTrace Information: 0 : 27772, 5, 2022/01/10, 16:03:20.125, 3575409156405, testhost.dll, MSTest - CollectSourceInformation value Found : False 
TpTrace Information: 0 : 27772, 5, 2022/01/10, 16:03:20.165, 3575409550209, testhost.dll, AssemblyResolver.OnResolve: Microsoft.TestPlatform.AdapterUtilities: Resolving assembly.
TpTrace Information: 0 : 27772, 5, 2022/01/10, 16:03:20.166, 3575409565604, testhost.dll, AssemblyResolver.OnResolve: Resolved assembly: Microsoft.TestPlatform.AdapterUtilities, from path: C:\Users\Armin\Documents\GitHub\Grupa-3-Verifikovani-i-Validirani-Softverasi\Zadaća 4\SeleniumTest\bin\Debug\net5.0\fine-code-coverage\build-output\Microsoft.TestPlatform.AdapterUtilities.dll
TpTrace Information: 0 : 27772, 5, 2022/01/10, 16:03:20.188, 3575409781454, testhost.dll, MSTest - MSTestDiscoverer: Found 5 tests from source C:\Users\Armin\Documents\GitHub\Grupa-3-Verifikovani-i-Validirani-Softverasi\Zadaća 4\SeleniumTest\bin\Debug\net5.0\fine-code-coverage\build-output\SeleniumTest.dll
TpTrace Information: 0 : 27772, 5, 2022/01/10, 16:03:20.208, 3575409982659, testhost.dll, AssemblyResolver.OnResolve: Microsoft.VisualStudio.TestPlatform.MSTestAdapter.PlatformServices.resources: Resolving assembly.
TpTrace Information: 0 : 27772, 5, 2022/01/10, 16:03:20.208, 3575409985765, testhost.dll, AssemblyResolver.OnResolve: Microsoft.VisualStudio.TestPlatform.MSTestAdapter.PlatformServices.resources: Failed to load assembly.
TpTrace Information: 0 : 27772, 5, 2022/01/10, 16:03:20.209, 3575409991851, testhost.dll, AssemblyResolver.OnResolve: Microsoft.VisualStudio.TestPlatform.MSTestAdapter.PlatformServices.resources: Resolving assembly.
TpTrace Information: 0 : 27772, 5, 2022/01/10, 16:03:20.209, 3575409993025, testhost.dll, AssemblyResolver.OnResolve: Microsoft.VisualStudio.TestPlatform.MSTestAdapter.PlatformServices.resources: Resolved from cache.
TpTrace Information: 0 : 27772, 5, 2022/01/10, 16:03:20.238, 3575410279107, testhost.dll, MSTest - Created unit-test runner C:\Users\Armin\Documents\GitHub\Grupa-3-Verifikovani-i-Validirani-Softverasi\Zadaća 4\SeleniumTest\bin\Debug\net5.0\fine-code-coverage\build-output\SeleniumTest.dll
TpTrace Verbose: 0 : 27772, 5, 2022/01/10, 16:03:20.244, 3575410344122, testhost.dll, TestExecutionRecorder.RecordStart: Starting test: SeleniumTest.UnitTest1.Ispod1900.
TpTrace Information: 0 : 27772, 5, 2022/01/10, 16:03:20.402, 3575411923590, testhost.dll, MSTest - Executing test Ispod1900
TpTrace Verbose: 0 : 27772, 9, 2022/01/10, 16:03:20.889, 3575416792866, testhost.dll, TcpClientExtensions.MessageLoopAsync: Polling on remoteEndPoint: [::ffff:127.0.0.1]:18505 localEndPoint: [::ffff:127.0.0.1]:18506
TpTrace Information: 0 : 27772, 10, 2022/01/10, 16:03:21.488, 3575422787217, testhost.dll, Sending test run statistics
TpTrace Verbose: 0 : 27772, 10, 2022/01/10, 16:03:21.605, 3575423952008, testhost.dll, TestRequestHandler.SendData:  sending data from testhost: {"Version":5,"MessageType":"TestExecution.StatsChange","Payload":{"NewTestResults":[],"TestRunStatistics":{"ExecutedTests":0,"Stats":{}},"ActiveTests":[{"Id":"bbd68cba-ea0f-eaee-9002-2ae5a0d62709","FullyQualifiedName":"SeleniumTest.UnitTest1.Ispod1900","DisplayName":"Ispod1900","ExecutorUri":"executor://MSTestAdapter/v2","Source":"C:\\Users\\Armin\\Documents\\GitHub\\Grupa-3-Verifikovani-i-Validirani-Softverasi\\Zadaća 4\\SeleniumTest\\bin\\Debug\\net5.0\\fine-code-coverage\\build-output\\SeleniumTest.dll","CodeFilePath":null,"LineNumber":-1,"Properties":[{"Key":{"Id":"TestCase.ManagedType","Label":"ManagedType","Category":"","Description":"","Attributes":1,"ValueType":"System.String"},"Value":"SeleniumTest.UnitTest1"},{"Key":{"Id":"TestCase.ManagedMethod","Label":"ManagedMethod","Category":"","Description":"","Attributes":1,"ValueType":"System.String"},"Value":"Ispod1900(System.String)"},{"Key":{"Id":"MSTestDiscoverer.TestClassName","Label":"ClassName","Category":"","Description":"","Attributes":1,"ValueType":"System.String"},"Value":"SeleniumTest.UnitTest1"},{"Key":{"Id":"TestObject.Traits","Label":"Traits","Category":"","Description":"","Attributes":5,"ValueType":"System.Collections.Generic.KeyValuePair`2[[System.String],[System.String]][]"},"Value":[]}]}]}}
TpTrace Verbose: 0 : 27772, 10, 2022/01/10, 16:03:21.606, 3575423958360, testhost.dll, TestRunCache: OnNewTestResult: Notified the onCacheHit callback.
TpTrace Verbose: 0 : 27772, 9, 2022/01/10, 16:03:21.902, 3575426918504, testhost.dll, TcpClientExtensions.MessageLoopAsync: Polling on remoteEndPoint: [::ffff:127.0.0.1]:18505 localEndPoint: [::ffff:127.0.0.1]:18506
TpTrace Verbose: 0 : 27772, 9, 2022/01/10, 16:03:23.016, 3575438062329, testhost.dll, TcpClientExtensions.MessageLoopAsync: Polling on remoteEndPoint: [::ffff:127.0.0.1]:18505 localEndPoint: [::ffff:127.0.0.1]:18506
TpTrace Verbose: 0 : 27772, 9, 2022/01/10, 16:03:24.029, 3575448192298, testhost.dll, TcpClientExtensions.MessageLoopAsync: Polling on remoteEndPoint: [::ffff:127.0.0.1]:18505 localEndPoint: [::ffff:127.0.0.1]:18506
TpTrace Information: 0 : 27772, 5, 2022/01/10, 16:03:24.730, 3575455200067, testhost.dll, AssemblyResolver.OnResolve: Microsoft.VisualStudio.TestPlatform.MSTest.TestAdapter.resources: Resolving assembly.
TpTrace Information: 0 : 27772, 5, 2022/01/10, 16:03:24.730, 3575455206172, testhost.dll, AssemblyResolver.OnResolve: Microsoft.VisualStudio.TestPlatform.MSTest.TestAdapter.resources: Failed to load assembly.
TpTrace Information: 0 : 27772, 5, 2022/01/10, 16:03:24.937, 3575457270841, testhost.dll, MSTest - Executed test Ispod1900
TpTrace Verbose: 0 : 27772, 5, 2022/01/10, 16:03:24.958, 3575457479823, testhost.dll, TestExecutionRecorder.RecordEnd: test: SeleniumTest.UnitTest1.Ispod1900 execution completed.
TpTrace Warning: 0 : 27772, 5, 2022/01/10, 16:03:24.960, 3575457503943, testhost.dll, TestRunCache: InProgressTests is null
TpTrace Information: 0 : 27772, 5, 2022/01/10, 16:03:25.017, 3575458070748, testhost.dll, MSTest - MSTestExecutor:Test SeleniumTest.UnitTest1.Ispod1900 failed. ErrorMessage:Class Initialization method SeleniumTest.UnitTest1.Inicijalizacija threw exception. OpenQA.Selenium.NoSuchWindowException: OpenQA.Selenium.NoSuchWindowException: no such window: target window already closed
from unknown error: web view not found
  (Session info: chrome=97.0.4692.71)., ErrorStackTrace:   at OpenQA.Selenium.WebDriver.UnpackAndThrowOnError(Response errorResponse)
   at OpenQA.Selenium.WebDriver.Execute(String driverCommandToExecute, Dictionary`2 parameters)
   at OpenQA.Selenium.WebDriver.FindElement(String mechanism, String value)
   at OpenQA.Selenium.By.<.ctor>b__11_0(ISearchContext context)
   at OpenQA.Selenium.By.FindElement(ISearchContext context)
   at OpenQA.Selenium.WebDriver.FindElement(By by)
   at SeleniumTest.UnitTest1.Inicijalizacija(TestContext context) in C:\Users\Armin\Documents\GitHub\Grupa-3-Verifikovani-i-Validirani-Softverasi\Zadaća 4\SeleniumTest\UnitTest1.cs:line 25
.
TpTrace Verbose: 0 : 27772, 5, 2022/01/10, 16:03:25.018, 3575458081649, testhost.dll, TestExecutionRecorder.RecordResult: Received result for test: SeleniumTest.UnitTest1.Ispod1900.
TpTrace Warning: 0 : 27772, 5, 2022/01/10, 16:03:25.030, 3575458201144, testhost.dll, TestRunCache: InProgressTests is null
TpTrace Warning: 0 : 27772, 5, 2022/01/10, 16:03:25.031, 3575458208841, testhost.dll, TestRunCache: No test found corresponding to testResult '' in inProgress list.
TpTrace Verbose: 0 : 27772, 5, 2022/01/10, 16:03:25.031, 3575458212896, testhost.dll, TestExecutionRecorder.RecordStart: Starting test: SeleniumTest.UnitTest1.Ispod1945.
TpTrace Information: 0 : 27772, 5, 2022/01/10, 16:03:25.031, 3575458216744, testhost.dll, Sending test run statistics
TpTrace Verbose: 0 : 27772, 9, 2022/01/10, 16:03:25.041, 3575458316109, testhost.dll, TcpClientExtensions.MessageLoopAsync: Polling on remoteEndPoint: [::ffff:127.0.0.1]:18505 localEndPoint: [::ffff:127.0.0.1]:18506
TpTrace Verbose: 0 : 27772, 5, 2022/01/10, 16:03:25.054, 3575458447044, testhost.dll, TestRequestHandler.SendData:  sending data from testhost: {"Version":5,"MessageType":"TestExecution.StatsChange","Payload":{"NewTestResults":[{"TestCase":{"Id":"bbd68cba-ea0f-eaee-9002-2ae5a0d62709","FullyQualifiedName":"SeleniumTest.UnitTest1.Ispod1900","DisplayName":"Ispod1900","ExecutorUri":"executor://MSTestAdapter/v2","Source":"C:\\Users\\Armin\\Documents\\GitHub\\Grupa-3-Verifikovani-i-Validirani-Softverasi\\Zadaća 4\\SeleniumTest\\bin\\Debug\\net5.0\\fine-code-coverage\\build-output\\SeleniumTest.dll","CodeFilePath":null,"LineNumber":-1,"Properties":[{"Key":{"Id":"TestCase.ManagedType","Label":"ManagedType","Category":"","Description":"","Attributes":1,"ValueType":"System.String"},"Value":"SeleniumTest.UnitTest1"},{"Key":{"Id":"TestCase.ManagedMethod","Label":"ManagedMethod","Category":"","Description":"","Attributes":1,"ValueType":"System.String"},"Value":"Ispod1900(System.String)"},{"Key":{"Id":"MSTestDiscoverer.TestClassName","Label":"ClassName","Category":"","Description":"","Attributes":1,"ValueType":"System.String"},"Value":"SeleniumTest.UnitTest1"},{"Key":{"Id":"TestObject.Traits","Label":"Traits","Category":"","Description":"","Attributes":5,"ValueType":"System.Collections.Generic.KeyValuePair`2[[System.String],[System.String]][]"},"Value":[]}]},"Attachments":[],"Outcome":2,"ErrorMessage":"Class Initialization method SeleniumTest.UnitTest1.Inicijalizacija threw exception. OpenQA.Selenium.NoSuchWindowException: OpenQA.Selenium.NoSuchWindowException: no such window: target window already closed\nfrom unknown error: web view not found\n  (Session info: chrome=97.0.4692.71).","ErrorStackTrace":"   at OpenQA.Selenium.WebDriver.UnpackAndThrowOnError(Response errorResponse)\r\n   at OpenQA.Selenium.WebDriver.Execute(String driverCommandToExecute, Dictionary`2 parameters)\r\n   at OpenQA.Selenium.WebDriver.FindElement(String mechanism, String value)\r\n   at OpenQA.Selenium.By.<.ctor>b__11_0(ISearchContext context)\r\n   at OpenQA.Selenium.By.FindElement(ISearchContext context)\r\n   at OpenQA.Selenium.WebDriver.FindElement(By by)\r\n   at SeleniumTest.UnitTest1.Inicijalizacija(TestContext context) in C:\\Users\\Armin\\Documents\\GitHub\\Grupa-3-Verifikovani-i-Validirani-Softverasi\\Zadaća 4\\SeleniumTest\\UnitTest1.cs:line 25\r\n","DisplayName":null,"Messages":[],"ComputerName":null,"Duration":"00:00:00","StartTime":"2022-01-10T16:03:20.4024502+01:00","EndTime":"2022-01-10T16:03:24.9381751+01:00","Properties":[{"Key":{"Id":"ExecutionId","Label":"ExecutionId","Category":"","Description":"","Attributes":1,"ValueType":"System.Guid"},"Value":"00000000-0000-0000-0000-000000000000"},{"Key":{"Id":"ParentExecId","Label":"ParentExecId","Category":"","Description":"","Attributes":1,"ValueType":"System.Guid"},"Value":"00000000-0000-0000-0000-000000000000"},{"Key":{"Id":"InnerResultsCount","Label":"InnerResultsCount","Category":"","Description":"","Attributes":1,"ValueType":"System.Int32"},"Value":0}]}],"TestRunStatistics":{"ExecutedTests":1,"Stats":{"Failed":1}},"ActiveTests":[{"Id":"cb392bcc-3e9d-e7cf-dc6f-86a00eaea9d5","FullyQualifiedName":"SeleniumTest.UnitTest1.Ispod1945","DisplayName":"Ispod1945","ExecutorUri":"executor://MSTestAdapter/v2","Source":"C:\\Users\\Armin\\Documents\\GitHub\\Grupa-3-Verifikovani-i-Validirani-Softverasi\\Zadaća 4\\SeleniumTest\\bin\\Debug\\net5.0\\fine-code-coverage\\build-output\\SeleniumTest.dll","CodeFilePath":null,"LineNumber":-1,"Properties":[{"Key":{"Id":"TestCase.ManagedType","Label":"ManagedType","Category":"","Description":"","Attributes":1,"ValueType":"System.String"},"Value":"SeleniumTest.UnitTest1"},{"Key":{"Id":"TestCase.ManagedMethod","Label":"ManagedMethod","Category":"","Description":"","Attributes":1,"ValueType":"System.String"},"Value":"Ispod1945(System.String)"},{"Key":{"Id":"MSTestDiscoverer.TestClassName","Label":"ClassName","Category":"","Description":"","Attributes":1,"ValueType":"System.String"},"Value":"SeleniumTest.UnitTest1"},{"Key":{"Id":"TestObject.Traits","Label":"Traits","Category":"","Description":"","Attributes":5,"ValueType":"System.Collections.Generic.KeyValuePair`2[[System.String],[System.String]][]"},"Value":[]}]}]}}
TpTrace Verbose: 0 : 27772, 5, 2022/01/10, 16:03:25.055, 3575458455027, testhost.dll, TestRunCache: OnNewTestResult: Notified the onCacheHit callback.
TpTrace Information: 0 : 27772, 5, 2022/01/10, 16:03:25.058, 3575458487131, testhost.dll, MSTest - Executing test Ispod1945
TpTrace Information: 0 : 27772, 5, 2022/01/10, 16:03:25.059, 3575458494627, testhost.dll, MSTest - Executed test Ispod1945
TpTrace Verbose: 0 : 27772, 5, 2022/01/10, 16:03:25.060, 3575458498077, testhost.dll, TestExecutionRecorder.RecordEnd: test: SeleniumTest.UnitTest1.Ispod1945 execution completed.
TpTrace Warning: 0 : 27772, 5, 2022/01/10, 16:03:25.060, 3575458499473, testhost.dll, TestRunCache: InProgressTests is null
TpTrace Information: 0 : 27772, 5, 2022/01/10, 16:03:25.066, 3575458565684, testhost.dll, MSTest - MSTestExecutor:Test SeleniumTest.UnitTest1.Ispod1945 failed. ErrorMessage:Class Initialization method SeleniumTest.UnitTest1.Inicijalizacija threw exception. OpenQA.Selenium.NoSuchWindowException: OpenQA.Selenium.NoSuchWindowException: no such window: target window already closed
from unknown error: web view not found
  (Session info: chrome=97.0.4692.71)., ErrorStackTrace:   at OpenQA.Selenium.WebDriver.UnpackAndThrowOnError(Response errorResponse)
   at OpenQA.Selenium.WebDriver.Execute(String driverCommandToExecute, Dictionary`2 parameters)
   at OpenQA.Selenium.WebDriver.FindElement(String mechanism, String value)
   at OpenQA.Selenium.By.<.ctor>b__11_0(ISearchContext context)
   at OpenQA.Selenium.By.FindElement(ISearchContext context)
   at OpenQA.Selenium.WebDriver.FindElement(By by)
   at SeleniumTest.UnitTest1.Inicijalizacija(TestContext context) in C:\Users\Armin\Documents\GitHub\Grupa-3-Verifikovani-i-Validirani-Softverasi\Zadaća 4\SeleniumTest\UnitTest1.cs:line 25
.
TpTrace Verbose: 0 : 27772, 5, 2022/01/10, 16:03:25.067, 3575458571245, testhost.dll, TestExecutionRecorder.RecordResult: Received result for test: SeleniumTest.UnitTest1.Ispod1945.
TpTrace Warning: 0 : 27772, 5, 2022/01/10, 16:03:25.067, 3575458573810, testhost.dll, TestRunCache: InProgressTests is null
TpTrace Warning: 0 : 27772, 5, 2022/01/10, 16:03:25.067, 3575458575348, testhost.dll, TestRunCache: No test found corresponding to testResult '' in inProgress list.
TpTrace Verbose: 0 : 27772, 5, 2022/01/10, 16:03:25.068, 3575458578390, testhost.dll, TestExecutionRecorder.RecordStart: Starting test: SeleniumTest.UnitTest1.Ispod1975.
TpTrace Information: 0 : 27772, 5, 2022/01/10, 16:03:25.078, 3575458686410, testhost.dll, MSTest - Executing test Ispod1975
TpTrace Information: 0 : 27772, 5, 2022/01/10, 16:03:25.079, 3575458692620, testhost.dll, MSTest - Executed test Ispod1975
TpTrace Verbose: 0 : 27772, 5, 2022/01/10, 16:03:25.079, 3575458695103, testhost.dll, TestExecutionRecorder.RecordEnd: test: SeleniumTest.UnitTest1.Ispod1975 execution completed.
TpTrace Information: 0 : 27772, 5, 2022/01/10, 16:03:25.085, 3575458756799, testhost.dll, MSTest - MSTestExecutor:Test SeleniumTest.UnitTest1.Ispod1975 failed. ErrorMessage:Class Initialization method SeleniumTest.UnitTest1.Inicijalizacija threw exception. OpenQA.Selenium.NoSuchWindowException: OpenQA.Selenium.NoSuchWindowException: no such window: target window already closed
from unknown error: web view not found
  (Session info: chrome=97.0.4692.71)., ErrorStackTrace:   at OpenQA.Selenium.WebDriver.UnpackAndThrowOnError(Response errorResponse)
   at OpenQA.Selenium.WebDriver.Execute(String driverCommandToExecute, Dictionary`2 parameters)
   at OpenQA.Selenium.WebDriver.FindElement(String mechanism, String value)
   at OpenQA.Selenium.By.<.ctor>b__11_0(ISearchContext context)
   at OpenQA.Selenium.By.FindElement(ISearchContext context)
   at OpenQA.Selenium.WebDriver.FindElement(By by)
   at SeleniumTest.UnitTest1.Inicijalizacija(TestContext context) in C:\Users\Armin\Documents\GitHub\Grupa-3-Verifikovani-i-Validirani-Softverasi\Zadaća 4\SeleniumTest\UnitTest1.cs:line 25
.
TpTrace Verbose: 0 : 27772, 5, 2022/01/10, 16:03:25.086, 3575458760524, testhost.dll, TestExecutionRecorder.RecordResult: Received result for test: SeleniumTest.UnitTest1.Ispod1975.
TpTrace Warning: 0 : 27772, 5, 2022/01/10, 16:03:25.086, 3575458764217, testhost.dll, TestRunCache: InProgressTests is null
TpTrace Warning: 0 : 27772, 5, 2022/01/10, 16:03:25.086, 3575458766434, testhost.dll, TestRunCache: No test found corresponding to testResult '' in inProgress list.
TpTrace Verbose: 0 : 27772, 5, 2022/01/10, 16:03:25.087, 3575458768974, testhost.dll, TestExecutionRecorder.RecordStart: Starting test: SeleniumTest.UnitTest1.Ispod1995.
TpTrace Information: 0 : 27772, 5, 2022/01/10, 16:03:25.092, 3575458826807, testhost.dll, MSTest - Executing test Ispod1995
TpTrace Information: 0 : 27772, 5, 2022/01/10, 16:03:25.093, 3575458833839, testhost.dll, MSTest - Executed test Ispod1995
TpTrace Verbose: 0 : 27772, 5, 2022/01/10, 16:03:25.093, 3575458836285, testhost.dll, TestExecutionRecorder.RecordEnd: test: SeleniumTest.UnitTest1.Ispod1995 execution completed.
TpTrace Information: 0 : 27772, 5, 2022/01/10, 16:03:25.096, 3575458867273, testhost.dll, MSTest - MSTestExecutor:Test SeleniumTest.UnitTest1.Ispod1995 failed. ErrorMessage:Class Initialization method SeleniumTest.UnitTest1.Inicijalizacija threw exception. OpenQA.Selenium.NoSuchWindowException: OpenQA.Selenium.NoSuchWindowException: no such window: target window already closed
from unknown error: web view not found
  (Session info: chrome=97.0.4692.71)., ErrorStackTrace:   at OpenQA.Selenium.WebDriver.UnpackAndThrowOnError(Response errorResponse)
   at OpenQA.Selenium.WebDriver.Execute(String driverCommandToExecute, Dictionary`2 parameters)
   at OpenQA.Selenium.WebDriver.FindElement(String mechanism, String value)
   at OpenQA.Selenium.By.<.ctor>b__11_0(ISearchContext context)
   at OpenQA.Selenium.By.FindElement(ISearchContext context)
   at OpenQA.Selenium.WebDriver.FindElement(By by)
   at SeleniumTest.UnitTest1.Inicijalizacija(TestContext context) in C:\Users\Armin\Documents\GitHub\Grupa-3-Verifikovani-i-Validirani-Softverasi\Zadaća 4\SeleniumTest\UnitTest1.cs:line 25
.
TpTrace Verbose: 0 : 27772, 5, 2022/01/10, 16:03:25.097, 3575458869934, testhost.dll, TestExecutionRecorder.RecordResult: Received result for test: SeleniumTest.UnitTest1.Ispod1995.
TpTrace Warning: 0 : 27772, 5, 2022/01/10, 16:03:25.097, 3575458871552, testhost.dll, TestRunCache: InProgressTests is null
TpTrace Warning: 0 : 27772, 5, 2022/01/10, 16:03:25.097, 3575458872755, testhost.dll, TestRunCache: No test found corresponding to testResult '' in inProgress list.
TpTrace Verbose: 0 : 27772, 5, 2022/01/10, 16:03:25.097, 3575458874885, testhost.dll, TestExecutionRecorder.RecordStart: Starting test: SeleniumTest.UnitTest1.Iznad1995.
TpTrace Information: 0 : 27772, 5, 2022/01/10, 16:03:25.103, 3575458934068, testhost.dll, MSTest - Executing test Iznad1995
TpTrace Information: 0 : 27772, 5, 2022/01/10, 16:03:25.104, 3575458946830, testhost.dll, MSTest - Executed test Iznad1995
TpTrace Verbose: 0 : 27772, 5, 2022/01/10, 16:03:25.105, 3575458949548, testhost.dll, TestExecutionRecorder.RecordEnd: test: SeleniumTest.UnitTest1.Iznad1995 execution completed.
TpTrace Information: 0 : 27772, 5, 2022/01/10, 16:03:25.108, 3575458981031, testhost.dll, MSTest - MSTestExecutor:Test SeleniumTest.UnitTest1.Iznad1995 failed. ErrorMessage:Class Initialization method SeleniumTest.UnitTest1.Inicijalizacija threw exception. OpenQA.Selenium.NoSuchWindowException: OpenQA.Selenium.NoSuchWindowException: no such window: target window already closed
from unknown error: web view not found
  (Session info: chrome=97.0.4692.71)., ErrorStackTrace:   at OpenQA.Selenium.WebDriver.UnpackAndThrowOnError(Response errorResponse)
   at OpenQA.Selenium.WebDriver.Execute(String driverCommandToExecute, Dictionary`2 parameters)
   at OpenQA.Selenium.WebDriver.FindElement(String mechanism, String value)
   at OpenQA.Selenium.By.<.ctor>b__11_0(ISearchContext context)
   at OpenQA.Selenium.By.FindElement(ISearchContext context)
   at OpenQA.Selenium.WebDriver.FindElement(By by)
   at SeleniumTest.UnitTest1.Inicijalizacija(TestContext context) in C:\Users\Armin\Documents\GitHub\Grupa-3-Verifikovani-i-Validirani-Softverasi\Zadaća 4\SeleniumTest\UnitTest1.cs:line 25
.
TpTrace Verbose: 0 : 27772, 5, 2022/01/10, 16:03:25.108, 3575458985583, testhost.dll, TestExecutionRecorder.RecordResult: Received result for test: SeleniumTest.UnitTest1.Iznad1995.
TpTrace Warning: 0 : 27772, 5, 2022/01/10, 16:03:25.109, 3575458988416, testhost.dll, TestRunCache: InProgressTests is null
TpTrace Warning: 0 : 27772, 5, 2022/01/10, 16:03:25.109, 3575458989720, testhost.dll, TestRunCache: No test found corresponding to testResult '' in inProgress list.
TpTrace Information: 0 : 27772, 5, 2022/01/10, 16:03:25.110, 3575458998749, testhost.dll, MSTest - Executing cleanup methods.
TpTrace Verbose: 0 : 27772, 9, 2022/01/10, 16:03:26.042, 3575468326261, testhost.dll, TcpClientExtensions.MessageLoopAsync: Polling on remoteEndPoint: [::ffff:127.0.0.1]:18505 localEndPoint: [::ffff:127.0.0.1]:18506
TpTrace Information: 0 : 27772, 10, 2022/01/10, 16:03:26.567, 3575473575196, testhost.dll, Sending test run statistics
TpTrace Verbose: 0 : 27772, 10, 2022/01/10, 16:03:26.569, 3575473588986, testhost.dll, TestRequestHandler.SendData:  sending data from testhost: {"Version":5,"MessageType":"TestExecution.StatsChange","Payload":{"NewTestResults":[{"TestCase":{"Id":"cb392bcc-3e9d-e7cf-dc6f-86a00eaea9d5","FullyQualifiedName":"SeleniumTest.UnitTest1.Ispod1945","DisplayName":"Ispod1945","ExecutorUri":"executor://MSTestAdapter/v2","Source":"C:\\Users\\Armin\\Documents\\GitHub\\Grupa-3-Verifikovani-i-Validirani-Softverasi\\Zadaća 4\\SeleniumTest\\bin\\Debug\\net5.0\\fine-code-coverage\\build-output\\SeleniumTest.dll","CodeFilePath":null,"LineNumber":-1,"Properties":[{"Key":{"Id":"TestCase.ManagedType","Label":"ManagedType","Category":"","Description":"","Attributes":1,"ValueType":"System.String"},"Value":"SeleniumTest.UnitTest1"},{"Key":{"Id":"TestCase.ManagedMethod","Label":"ManagedMethod","Category":"","Description":"","Attributes":1,"ValueType":"System.String"},"Value":"Ispod1945(System.String)"},{"Key":{"Id":"MSTestDiscoverer.TestClassName","Label":"ClassName","Category":"","Description":"","Attributes":1,"ValueType":"System.String"},"Value":"SeleniumTest.UnitTest1"},{"Key":{"Id":"TestObject.Traits","Label":"Traits","Category":"","Description":"","Attributes":5,"ValueType":"System.Collections.Generic.KeyValuePair`2[[System.String],[System.String]][]"},"Value":[]}]},"Attachments":[],"Outcome":2,"ErrorMessage":"Class Initialization method SeleniumTest.UnitTest1.Inicijalizacija threw exception. OpenQA.Selenium.NoSuchWindowException: OpenQA.Selenium.NoSuchWindowException: no such window: target window already closed\nfrom unknown error: web view not found\n  (Session info: chrome=97.0.4692.71).","ErrorStackTrace":"   at OpenQA.Selenium.WebDriver.UnpackAndThrowOnError(Response errorResponse)\r\n   at OpenQA.Selenium.WebDriver.Execute(String driverCommandToExecute, Dictionary`2 parameters)\r\n   at OpenQA.Selenium.WebDriver.FindElement(String mechanism, String value)\r\n   at OpenQA.Selenium.By.<.ctor>b__11_0(ISearchContext context)\r\n   at OpenQA.Selenium.By.FindElement(ISearchContext context)\r\n   at OpenQA.Selenium.WebDriver.FindElement(By by)\r\n   at SeleniumTest.UnitTest1.Inicijalizacija(TestContext context) in C:\\Users\\Armin\\Documents\\GitHub\\Grupa-3-Verifikovani-i-Validirani-Softverasi\\Zadaća 4\\SeleniumTest\\UnitTest1.cs:line 25\r\n","DisplayName":null,"Messages":[],"ComputerName":null,"Duration":"00:00:00","StartTime":"2022-01-10T16:03:25.0589441+01:00","EndTime":"2022-01-10T16:03:25.0600162+01:00","Properties":[{"Key":{"Id":"ExecutionId","Label":"ExecutionId","Category":"","Description":"","Attributes":1,"ValueType":"System.Guid"},"Value":"00000000-0000-0000-0000-000000000000"},{"Key":{"Id":"ParentExecId","Label":"ParentExecId","Category":"","Description":"","Attributes":1,"ValueType":"System.Guid"},"Value":"00000000-0000-0000-0000-000000000000"},{"Key":{"Id":"InnerResultsCount","Label":"InnerResultsCount","Category":"","Description":"","Attributes":1,"ValueType":"System.Int32"},"Value":0}]},{"TestCase":{"Id":"037a70cc-340d-b6df-4fd9-87939d8dda24","FullyQualifiedName":"SeleniumTest.UnitTest1.Ispod1975","DisplayName":"Ispod1975","ExecutorUri":"executor://MSTestAdapter/v2","Source":"C:\\Users\\Armin\\Documents\\GitHub\\Grupa-3-Verifikovani-i-Validirani-Softverasi\\Zadaća 4\\SeleniumTest\\bin\\Debug\\net5.0\\fine-code-coverage\\build-output\\SeleniumTest.dll","CodeFilePath":null,"LineNumber":-1,"Properties":[{"Key":{"Id":"TestCase.ManagedType","Label":"ManagedType","Category":"","Description":"","Attributes":1,"ValueType":"System.String"},"Value":"SeleniumTest.UnitTest1"},{"Key":{"Id":"TestCase.ManagedMethod","Label":"ManagedMethod","Category":"","Description":"","Attributes":1,"ValueType":"System.String"},"Value":"Ispod1975(System.String)"},{"Key":{"Id":"MSTestDiscoverer.TestClassName","Label":"ClassName","Category":"","Description":"","Attributes":1,"ValueType":"System.String"},"Value":"SeleniumTest.UnitTest1"},{"Key":{"Id":"TestObject.Traits","Label":"Traits","Category":"","Description":"","Attributes":5,"ValueType":"System.Collections.Generic.KeyValuePair`2[[System.String],[System.String]][]"},"Value":[]}]},"Attachments":[],"Outcome":2,"ErrorMessage":"Class Initialization method SeleniumTest.UnitTest1.Inicijalizacija threw exception. OpenQA.Selenium.NoSuchWindowException: OpenQA.Selenium.NoSuchWindowException: no such window: target window already closed\nfrom unknown error: web view not found\n  (Session info: chrome=97.0.4692.71).","ErrorStackTrace":"   at OpenQA.Selenium.WebDriver.UnpackAndThrowOnError(Response errorResponse)\r\n   at OpenQA.Selenium.WebDriver.Execute(String driverCommandToExecute, Dictionary`2 parameters)\r\n   at OpenQA.Selenium.WebDriver.FindElement(String mechanism, String value)\r\n   at OpenQA.Selenium.By.<.ctor>b__11_0(ISearchContext context)\r\n   at OpenQA.Selenium.By.FindElement(ISearchContext context)\r\n   at OpenQA.Selenium.WebDriver.FindElement(By by)\r\n   at SeleniumTest.UnitTest1.Inicijalizacija(TestContext context) in C:\\Users\\Armin\\Documents\\GitHub\\Grupa-3-Verifikovani-i-Validirani-Softverasi\\Zadaća 4\\SeleniumTest\\UnitTest1.cs:line 25\r\n","DisplayName":null,"Messages":[],"ComputerName":null,"Duration":"00:00:00","StartTime":"2022-01-10T16:03:25.0788617+01:00","EndTime":"2022-01-10T16:03:25.079736+01:00","Properties":[{"Key":{"Id":"ExecutionId","Label":"ExecutionId","Category":"","Description":"","Attributes":1,"ValueType":"System.Guid"},"Value":"00000000-0000-0000-0000-000000000000"},{"Key":{"Id":"ParentExecId","Label":"ParentExecId","Category":"","Description":"","Attributes":1,"ValueType":"System.Guid"},"Value":"00000000-0000-0000-0000-000000000000"},{"Key":{"Id":"InnerResultsCount","Label":"InnerResultsCount","Category":"","Description":"","Attributes":1,"ValueType":"System.Int32"},"Value":0}]},{"TestCase":{"Id":"1e797d28-edd2-601b-8a52-3ffe3162d3b2","FullyQualifiedName":"SeleniumTest.UnitTest1.Ispod1995","DisplayName":"Ispod1995","ExecutorUri":"executor://MSTestAdapter/v2","Source":"C:\\Users\\Armin\\Documents\\GitHub\\Grupa-3-Verifikovani-i-Validirani-Softverasi\\Zadaća 4\\SeleniumTest\\bin\\Debug\\net5.0\\fine-code-coverage\\build-output\\SeleniumTest.dll","CodeFilePath":null,"LineNumber":-1,"Properties":[{"Key":{"Id":"TestCase.ManagedType","Label":"ManagedType","Category":"","Description":"","Attributes":1,"ValueType":"System.String"},"Value":"SeleniumTest.UnitTest1"},{"Key":{"Id":"TestCase.ManagedMethod","Label":"ManagedMethod","Category":"","Description":"","Attributes":1,"ValueType":"System.String"},"Value":"Ispod1995(System.String)"},{"Key":{"Id":"MSTestDiscoverer.TestClassName","Label":"ClassName","Category":"","Description":"","Attributes":1,"ValueType":"System.String"},"Value":"SeleniumTest.UnitTest1"},{"Key":{"Id":"TestObject.Traits","Label":"Traits","Category":"","Description":"","Attributes":5,"ValueType":"System.Collections.Generic.KeyValuePair`2[[System.String],[System.String]][]"},"Value":[]}]},"Attachments":[],"Outcome":2,"ErrorMessage":"Class Initialization method SeleniumTest.UnitTest1.Inicijalizacija threw exception. OpenQA.Selenium.NoSuchWindowException: OpenQA.Selenium.NoSuchWindowException: no such window: target window already closed\nfrom unknown error: web view not found\n  (Session info: chrome=97.0.4692.71).","ErrorStackTrace":"   at OpenQA.Selenium.WebDriver.UnpackAndThrowOnError(Response errorResponse)\r\n   at OpenQA.Selenium.WebDriver.Execute(String driverCommandToExecute, Dictionary`2 parameters)\r\n   at OpenQA.Selenium.WebDriver.FindElement(String mechanism, String value)\r\n   at OpenQA.Selenium.By.<.ctor>b__11_0(ISearchContext context)\r\n   at OpenQA.Selenium.By.FindElement(ISearchContext context)\r\n   at OpenQA.Selenium.WebDriver.FindElement(By by)\r\n   at SeleniumTest.UnitTest1.Inicijalizacija(TestContext context) in C:\\Users\\Armin\\Documents\\GitHub\\Grupa-3-Verifikovani-i-Validirani-Softverasi\\Zadaća 4\\SeleniumTest\\UnitTest1.cs:line 25\r\n","DisplayName":null,"Messages":[],"ComputerName":null,"Duration":"00:00:00","StartTime":"2022-01-10T16:03:25.0929086+01:00","EndTime":"2022-01-10T16:03:25.0938599+01:00","Properties":[{"Key":{"Id":"ExecutionId","Label":"ExecutionId","Category":"","Description":"","Attributes":1,"ValueType":"System.Guid"},"Value":"00000000-0000-0000-0000-000000000000"},{"Key":{"Id":"ParentExecId","Label":"ParentExecId","Category":"","Description":"","Attributes":1,"ValueType":"System.Guid"},"Value":"00000000-0000-0000-0000-000000000000"},{"Key":{"Id":"InnerResultsCount","Label":"InnerResultsCount","Category":"","Description":"","Attributes":1,"ValueType":"System.Int32"},"Value":0}]},{"TestCase":{"Id":"35fd7e9a-cd76-095e-d98c-39cb145ccd2e","FullyQualifiedName":"SeleniumTest.UnitTest1.Iznad1995","DisplayName":"Iznad1995","ExecutorUri":"executor://MSTestAdapter/v2","Source":"C:\\Users\\Armin\\Documents\\GitHub\\Grupa-3-Verifikovani-i-Validirani-Softverasi\\Zadaća 4\\SeleniumTest\\bin\\Debug\\net5.0\\fine-code-coverage\\build-output\\SeleniumTest.dll","CodeFilePath":null,"LineNumber":-1,"Properties":[{"Key":{"Id":"TestCase.ManagedType","Label":"ManagedType","Category":"","Description":"","Attributes":1,"ValueType":"System.String"},"Value":"SeleniumTest.UnitTest1"},{"Key":{"Id":"TestCase.ManagedMethod","Label":"ManagedMethod","Category":"","Description":"","Attributes":1,"ValueType":"System.String"},"Value":"Iznad1995(System.String)"},{"Key":{"Id":"MSTestDiscoverer.TestClassName","Label":"ClassName","Category":"","Description":"","Attributes":1,"ValueType":"System.String"},"Value":"SeleniumTest.UnitTest1"},{"Key":{"Id":"TestObject.Traits","Label":"Traits","Category":"","Description":"","Attributes":5,"ValueType":"System.Collections.Generic.KeyValuePair`2[[System.String],[System.String]][]"},"Value":[]}]},"Attachments":[],"Outcome":2,"ErrorMessage":"Class Initialization method SeleniumTest.UnitTest1.Inicijalizacija threw exception. OpenQA.Selenium.NoSuchWindowException: OpenQA.Selenium.NoSuchWindowException: no such window: target window already closed\nfrom unknown error: web view not found\n  (Session info: chrome=97.0.4692.71).","ErrorStackTrace":"   at OpenQA.Selenium.WebDriver.UnpackAndThrowOnError(Response errorResponse)\r\n   at OpenQA.Selenium.WebDriver.Execute(String driverCommandToExecute, Dictionary`2 parameters)\r\n   at OpenQA.Selenium.WebDriver.FindElement(String mechanism, String value)\r\n   at OpenQA.Selenium.By.<.ctor>b__11_0(ISearchContext context)\r\n   at OpenQA.Selenium.By.FindElement(ISearchContext context)\r\n   at OpenQA.Selenium.WebDriver.FindElement(By by)\r\n   at SeleniumTest.UnitTest1.Inicijalizacija(TestContext context) in C:\\Users\\Armin\\Documents\\GitHub\\Grupa-3-Verifikovani-i-Validirani-Softverasi\\Zadaća 4\\SeleniumTest\\UnitTest1.cs:line 25\r\n","DisplayName":null,"Messages":[],"ComputerName":null,"Duration":"00:00:00","StartTime":"2022-01-10T16:03:25.1036128+01:00","EndTime":"2022-01-10T16:03:25.1051793+01:00","Properties":[{"Key":{"Id":"ExecutionId","Label":"ExecutionId","Category":"","Description":"","Attributes":1,"ValueType":"System.Guid"},"Value":"00000000-0000-0000-0000-000000000000"},{"Key":{"Id":"ParentExecId","Label":"ParentExecId","Category":"","Description":"","Attributes":1,"ValueType":"System.Guid"},"Value":"00000000-0000-0000-0000-000000000000"},{"Key":{"Id":"InnerResultsCount","Label":"InnerResultsCount","Category":"","Description":"","Attributes":1,"ValueType":"System.Int32"},"Value":0}]}],"TestRunStatistics":{"ExecutedTests":5,"Stats":{"Failed":5}},"ActiveTests":[]}}
TpTrace Verbose: 0 : 27772, 10, 2022/01/10, 16:03:26.573, 3575473633485, testhost.dll, TestRunCache: OnNewTestResult: Notified the onCacheHit callback.
TpTrace Verbose: 0 : 27772, 9, 2022/01/10, 16:03:27.046, 3575478363189, testhost.dll, TcpClientExtensions.MessageLoopAsync: Polling on remoteEndPoint: [::ffff:127.0.0.1]:18505 localEndPoint: [::ffff:127.0.0.1]:18506
TpTrace Verbose: 0 : 27772, 9, 2022/01/10, 16:03:28.052, 3575488424974, testhost.dll, TcpClientExtensions.MessageLoopAsync: Polling on remoteEndPoint: [::ffff:127.0.0.1]:18505 localEndPoint: [::ffff:127.0.0.1]:18506
TpTrace Verbose: 0 : 27772, 9, 2022/01/10, 16:03:29.064, 3575498540337, testhost.dll, TcpClientExtensions.MessageLoopAsync: Polling on remoteEndPoint: [::ffff:127.0.0.1]:18505 localEndPoint: [::ffff:127.0.0.1]:18506
TpTrace Information: 0 : 27772, 5, 2022/01/10, 16:03:29.472, 3575502621055, testhost.dll, MSTest - Executed cleanup methods.
TpTrace Warning: 0 : 27772, 5, 2022/01/10, 16:03:29.474, 3575502639032, testhost.dll, Class Cleanup method UnitTest1.ClassCleanup failed. Error Message: OpenQA.Selenium.WebDriverException: chrome not reachable
  (Session info: chrome=97.0.4692.71). Stack Trace:     at OpenQA.Selenium.WebDriver.UnpackAndThrowOnError(Response errorResponse)
   at OpenQA.Selenium.WebDriver.Execute(String driverCommandToExecute, Dictionary`2 parameters)
   at OpenQA.Selenium.WebDriver.Close()
   at SeleniumTest.UnitTest1.ClassCleanup() in C:\Users\Armin\Documents\GitHub\Grupa-3-Verifikovani-i-Validirani-Softverasi\Zadaća 4\SeleniumTest\UnitTest1.cs:line 31

TpTrace Verbose: 0 : 27772, 5, 2022/01/10, 16:03:29.474, 3575502641548, testhost.dll, TestRequestHandler.SendData:  sending data from testhost: {"Version":5,"MessageType":"TestSession.Message","Payload":{"MessageLevel":1,"Message":"Class Cleanup method UnitTest1.ClassCleanup failed. Error Message: OpenQA.Selenium.WebDriverException: chrome not reachable\n  (Session info: chrome=97.0.4692.71). Stack Trace:     at OpenQA.Selenium.WebDriver.UnpackAndThrowOnError(Response errorResponse)\r\n   at OpenQA.Selenium.WebDriver.Execute(String driverCommandToExecute, Dictionary`2 parameters)\r\n   at OpenQA.Selenium.WebDriver.Close()\r\n   at SeleniumTest.UnitTest1.ClassCleanup() in C:\\Users\\Armin\\Documents\\GitHub\\Grupa-3-Verifikovani-i-Validirani-Softverasi\\Zadaća 4\\SeleniumTest\\UnitTest1.cs:line 31\r\n"}}
TpTrace Information: 0 : 27772, 5, 2022/01/10, 16:03:29.474, 3575502646214, testhost.dll, MSTest - Executed tests belonging to source C:\Users\Armin\Documents\GitHub\Grupa-3-Verifikovani-i-Validirani-Softverasi\Zadaća 4\SeleniumTest\bin\Debug\net5.0\fine-code-coverage\build-output\SeleniumTest.dll
TpTrace Verbose: 0 : 27772, 5, 2022/01/10, 16:03:29.475, 3575502655384, testhost.dll, BaseRunTests.RunTestInternalWithExecutors: Completed running tests for executor://MSTestAdapter/v2
TpTrace Information: 0 : 27772, 5, 2022/01/10, 16:03:29.479, 3575502693456, testhost.dll, Sending test run complete
TpTrace Verbose: 0 : 27772, 5, 2022/01/10, 16:03:29.489, 3575502791425, testhost.dll, TestRequestHandler.SendData:  sending data from testhost: {"Version":5,"MessageType":"TestExecution.Completed","Payload":{"TestRunCompleteArgs":{"TestRunStatistics":{"ExecutedTests":5,"Stats":{"Failed":5}},"IsCanceled":false,"IsAborted":false,"Error":null,"AttachmentSets":[],"ElapsedTimeInRunningTests":"00:00:09.3878738","Metrics":{}},"LastRunTests":{"NewTestResults":[],"TestRunStatistics":{"ExecutedTests":5,"Stats":{"Failed":5}},"ActiveTests":[]},"RunAttachments":[],"ExecutorUris":["executor://mstestadapter/v2"]}}
TpTrace Verbose: 0 : 27772, 5, 2022/01/10, 16:03:29.490, 3575502797892, testhost.dll, BaseRunTests.RunTests: Run is complete.
TpTrace Verbose: 0 : 27772, 9, 2022/01/10, 16:03:29.490, 3575502802801, testhost.dll, TcpClientExtensions.MessageLoopAsync: NotifyDataAvailable remoteEndPoint: [::ffff:127.0.0.1]:18505 localEndPoint: [::ffff:127.0.0.1]:18506
TpTrace Information: 0 : 27772, 9, 2022/01/10, 16:03:29.490, 3575502805871, testhost.dll, TestRequestHandler.ProcessRequests: received message: (TestSession.Terminate) -> null
TpTrace Information: 0 : 27772, 9, 2022/01/10, 16:03:29.490, 3575502806765, testhost.dll, Session End message received from server. Closing the connection.
TpTrace Information: 0 : 27772, 9, 2022/01/10, 16:03:29.491, 3575502810775, testhost.dll, SocketClient.Stop: Stop communication from server endpoint: 127.0.0.1:018505
TpTrace Information: 0 : 27772, 9, 2022/01/10, 16:03:29.491, 3575502812078, testhost.dll, SocketClient: Stop: Cancellation requested. Stopping message loop.
TpTrace Verbose: 0 : 27772, 9, 2022/01/10, 16:03:29.491, 3575502813429, testhost.dll, LengthPrefixCommunicationChannel.Dispose: Dispose reader and writer.
TpTrace Information: 0 : 27772, 1, 2022/01/10, 16:03:29.491, 3575502813816, testhost.dll, Closing the connection !
TpTrace Information: 0 : 27772, 9, 2022/01/10, 16:03:29.491, 3575502813932, testhost.dll, Closing the connection !
TpTrace Information: 0 : 27772, 1, 2022/01/10, 16:03:29.491, 3575502815629, testhost.dll, SocketClient.Stop: Stop communication from server endpoint: 127.0.0.1:018505
TpTrace Information: 0 : 27772, 1, 2022/01/10, 16:03:29.491, 3575502817238, testhost.dll, SocketClient: Stop: Cancellation requested. Stopping message loop.
TpTrace Verbose: 0 : 27772, 1, 2022/01/10, 16:03:29.492, 3575502817858, testhost.dll, LengthPrefixCommunicationChannel.Dispose: Dispose reader and writer.
TpTrace Information: 0 : 27772, 1, 2022/01/10, 16:03:29.492, 3575502818889, testhost.dll, Testhost process exiting.
TpTrace Information: 0 : 27772, 9, 2022/01/10, 16:03:29.492, 3575502818964, testhost.dll, SocketClient.PrivateStop: Stop communication from server endpoint: 127.0.0.1:018505, error:
TpTrace Verbose: 0 : 27772, 9, 2022/01/10, 16:03:29.492, 3575502824569, testhost.dll, LengthPrefixCommunicationChannel.Dispose: Dispose reader and writer.
TpTrace Verbose: 0 : 27772, 9, 2022/01/10, 16:03:29.492, 3575502826113, testhost.dll, TcpClientExtensions.MessageLoopAsync: exiting MessageLoopAsync remoteEndPoint: [::ffff:127.0.0.1]:18505 localEndPoint: [::ffff:127.0.0.1]:18506
